                   1                   0                   0                  11           -0.997705
                   1                   1                0.01               10.99           -0.985846
                   1                   2                0.02             10.9802           -0.975708
                   1                   3                0.03             10.9704           -0.967037
                   1                   4                0.04             10.9607           -0.959618
                   1                   5                0.05             10.9511           -0.953265
                   1                   6                0.06             10.9416           -0.947819
                   1                   7                0.07             10.9321           -0.943149
                   1                   8                0.08             10.9227           -0.939141
                   1                   9                0.09             10.9133           -0.935698
                   1                  10                 0.1              10.904           -0.932733
                   1                  11                0.11             10.8946           -0.930181
                   1                  12                0.12             10.8853            -0.92798
                   1                  13                0.13              10.876           -0.926079
                   1                  14                0.14             10.8668           -0.924435
                   1                  15                0.15             10.8575           -0.923004
                   1                  16                0.16             10.8483           -0.921764
                   1                  17                0.17             10.8391           -0.920681
                   1                  18                0.18             10.8299           -0.919733
                   1                  19                0.19             10.8207           -0.918908
                   1                  20                 0.2             10.8115           -0.918183
                   1                  21                0.21             10.8023           -0.917542
                   1                  22                0.22             10.7931           -0.916973
                   1                  23                0.23              10.784           -0.916462
                   1                  24                0.24             10.7748           -0.916009
                   1                  25                0.25             10.7656           -0.915606
                   1                  26                0.26             10.7565           -0.915241
                   1                  27                0.27             10.7473           -0.914912
                   1                  28                0.28             10.7382            -0.91461
                   1                  29                0.29              10.729           -0.914335
                   1                  30                 0.3             10.7199           -0.914082
                   1                  31                0.31             10.7108            -0.91385
                   1                  32                0.32             10.7016           -0.913628
                   1                  33                0.33             10.6925           -0.913426
                   1                  34                0.34             10.6833           -0.913239
                   1                  35                0.35             10.6742           -0.913054
                   1                  36                0.36             10.6651           -0.912884
                   1                  37                0.37              10.656           -0.912728
                   1                  38                0.38             10.6468           -0.912572
                   1                  39                0.39             10.6377           -0.912424
                   1                  40                 0.4             10.6286           -0.912276
                   1                  41                0.41             10.6195           -0.912148
                   1                  42                0.42             10.6103           -0.912014
                   1                  43                0.43             10.6012            -0.91188
                   1                  44                0.44             10.5921           -0.911755
                   1                  45                0.45              10.583           -0.911634
                   1                  46                0.46             10.5739           -0.911518
                   1                  47                0.47             10.5647           -0.911404
                   1                  48                0.48             10.5556           -0.911295
                   1                  49                0.49             10.5465           -0.911183
                   1                  50                 0.5             10.5374           -0.911072
                   1                  51                0.51             10.5283           -0.910953
                   1                  52                0.52             10.5192           -0.910843
                   1                  53                0.53             10.5101            -0.91074
                   1                  54                0.54              10.501           -0.910645
                   1                  55                0.55             10.4919           -0.910533
                   1                  56                0.56             10.4828           -0.910433
                   1                  57                0.57             10.4737           -0.910328
                   1                  58                0.58             10.4646           -0.910228
                   1                  59                0.59             10.4554           -0.910133
                   1                  60                 0.6             10.4463           -0.910039
                   1                  61                0.61             10.4372           -0.909935
                   1                  62                0.62             10.4281           -0.909842
                   1                  63                0.63              10.419           -0.909738
                   1                  64                0.64               10.41           -0.909642
                   1                  65                0.65             10.4009           -0.909553
                   1                  66                0.66             10.3918            -0.90946
                   1                  67                0.67             10.3827           -0.909368
                   1                  68                0.68             10.3736           -0.909274
                   1                  69                0.69             10.3645           -0.909181
                   1                  70                 0.7             10.3554           -0.909093
                   1                  71                0.71             10.3463           -0.909006
                   1                  72                0.72             10.3372           -0.908915
                   1                  73                0.73             10.3281           -0.908818
                   1                  74                0.74              10.319           -0.908721
                   1                  75                0.75             10.3099           -0.908642
                   1                  76                0.76             10.3009            -0.90855
                   1                  77                0.77             10.2918           -0.908456
                   1                  78                0.78             10.2827           -0.908373
                   1                  79                0.79             10.2736           -0.908285
                   1                  80                 0.8             10.2645           -0.908192
                   1                  81                0.81             10.2554           -0.908103
                   1                  82                0.82             10.2464           -0.908018
                   1                  83                0.83             10.2373           -0.907925
                   1                  84                0.84             10.2282           -0.907835
                   1                  85                0.85             10.2191           -0.907741
                   1                  86                0.86               10.21           -0.907667
                   1                  87                0.87              10.201           -0.907561
                   1                  88                0.88             10.1919           -0.907479
                   1                  89                0.89             10.1828           -0.907398
                   1                  90                 0.9             10.1737           -0.907301
                   1                  91                0.91             10.1647            -0.90721
                   1                  92                0.92             10.1556           -0.907134
                   1                  93                0.93             10.1465           -0.907037
                   1                  94                0.94             10.1375           -0.906958
                   1                  95                0.95             10.1284           -0.906877
                   1                  96                0.96             10.1193           -0.906795
                   1                  97                0.97             10.1102           -0.906693
                   1                  98                0.98             10.1012           -0.906596
                   1                  99                0.99             10.0921           -0.906516
                   1                 100                   1              10.083           -0.906435
                   1                 101                1.01              10.074           -0.906345
                   1                 102                1.02             10.0649           -0.906259
                   1                 103                1.03             10.0559           -0.906174
                   1                 104                1.04             10.0468           -0.906082
                   1                 105                1.05             10.0377           -0.905996
                   1                 106                1.06             10.0287           -0.905896
                   1                 107                1.07             10.0196           -0.905822
                   1                 108                1.08             10.0106           -0.905723
                   1                 109                1.09             10.0015           -0.905642
                   1                 110                 1.1             9.99244           -0.905548
                   1                 111                1.11             9.98339           -0.905482
                   1                 112                1.12             9.97433           -0.905382
                   1                 113                1.13             9.96528           -0.905288
                   1                 114                1.14             9.95623           -0.905211
                   1                 115                1.15             9.94718           -0.905121
                   1                 116                1.16             9.93812           -0.905036
                   1                 117                1.17             9.92907            -0.90495
                   1                 118                1.18             9.92002           -0.904861
                   1                 119                1.19             9.91098           -0.904772
                   1                 120                 1.2             9.90193           -0.904684
                   1                 121                1.21             9.89288           -0.904611
                   1                 122                1.22             9.88384           -0.904503
                   1                 123                1.23             9.87479           -0.904433
                   1                 124                1.24             9.86575           -0.904333
                   1                 125                1.25              9.8567           -0.904245
                   1                 126                1.26             9.84766           -0.904144
                   1                 127                1.27             9.83862           -0.904059
                   1                 128                1.28             9.82958           -0.903979
                   1                 129                1.29             9.82054           -0.903882
                   1                 130                 1.3              9.8115           -0.903799
                   1                 131                1.31             9.80246           -0.903706
                   1                 132                1.32             9.79342            -0.90362
                   1                 133                1.33             9.78439           -0.903539
                   1                 134                1.34             9.77535           -0.903444
                   1                 135                1.35             9.76632           -0.903354
                   1                 136                1.36             9.75728           -0.903278
                   1                 137                1.37             9.74825           -0.903179
                   1                 138                1.38             9.73922           -0.903083
                   1                 139                1.39             9.73019           -0.902996
                   1                 140                 1.4             9.72116           -0.902907
                   1                 141                1.41             9.71213           -0.902807
                   1                 142                1.42              9.7031           -0.902717
                   1                 143                1.43             9.69407           -0.902624
                   1                 144                1.44             9.68505           -0.902542
                   1                 145                1.45             9.67602           -0.902467
                   1                 146                1.46               9.667           -0.902352
                   1                 147                1.47             9.65798           -0.902269
                   1                 148                1.48             9.64895           -0.902182
                   1                 149                1.49             9.63993           -0.902074
                   1                 150                 1.5             9.63091              -0.902
                   1                 151                1.51             9.62189           -0.901913
                   1                 152                1.52             9.61287           -0.901817
                   1                 153                1.53             9.60385           -0.901732
                   1                 154                1.54             9.59484           -0.901642
                   1                 155                1.55             9.58582           -0.901552
                   1                 156                1.56              9.5768            -0.90145
                   1                 157                1.57             9.56779           -0.901374
                   1                 158                1.58             9.55878           -0.901285
                   1                 159                1.59             9.54976           -0.901187
                   1                 160                 1.6             9.54075           -0.901108
                   1                 161                1.61             9.53174           -0.901007
                   1                 162                1.62             9.52273           -0.900892
                   1                 163                1.63             9.51372           -0.900819
                   1                 164                1.64             9.50471           -0.900708
                   1                 165                1.65              9.4957           -0.900631
                   1                 166                1.66              9.4867            -0.90051
                   1                 167                1.67             9.47769           -0.900428
                   1                 168                1.68             9.46869           -0.900332
                   1                 169                1.69             9.45969           -0.900237
                   1                 170                 1.7             9.45068           -0.900142
                   1                 171                1.71             9.44168           -0.900055
                   1                 172                1.72             9.43268            -0.89996
                   1                 173                1.73             9.42368           -0.899889
                   1                 174                1.74             9.41468           -0.899772
                   1                 175                1.75             9.40569           -0.899667
                   1                 176                1.76             9.39669           -0.899561
                   1                 177                1.77             9.38769           -0.899479
                   1                 178                1.78              9.3787           -0.899398
                   1                 179                1.79              9.3697           -0.899311
                   1                 180                 1.8             9.36071            -0.89922
                   1                 181                1.81             9.35172           -0.899104
                   1                 182                1.82             9.34273           -0.899009
                   1                 183                1.83             9.33374            -0.89892
                   1                 184                1.84             9.32475           -0.898831
                   1                 185                1.85             9.31576           -0.898755
                   1                 186                1.86             9.30677           -0.898637
                   1                 187                1.87             9.29779            -0.89854
                   1                 188                1.88              9.2888           -0.898456
                   1                 189                1.89             9.27982           -0.898346
                   1                 190                 1.9             9.27083           -0.898251
                   1                 191                1.91             9.26185           -0.898145
                   1                 192                1.92             9.25287           -0.898043
                   1                 193                1.93             9.24389           -0.897943
                   1                 194                1.94             9.23491           -0.897841
                   1                 195                1.95             9.22593           -0.897753
                   1                 196                1.96             9.21695           -0.897629
                   1                 197                1.97             9.20798            -0.89755
                   1                 198                1.98               9.199           -0.897477
                   1                 199                1.99             9.19003           -0.897361
                   1                 200                   2             9.18105           -0.897285
                   1                 201                2.01             9.17208           -0.897163
                   1                 202                2.02             9.16311           -0.897087
                   1                 203                2.03             9.15414            -0.89697
                   1                 204                2.04             9.14517           -0.896859
                   1                 205                2.05              9.1362            -0.89678
                   1                 206                2.06             9.12723           -0.896669
                   1                 207                2.07             9.11827           -0.896574
                   1                 208                2.08              9.1093           -0.896482
                   1                 209                2.09             9.10033           -0.896381
                   1                 210                 2.1             9.09137           -0.896276
                   1                 211                2.11             9.08241           -0.896161
                   1                 212                2.12             9.07345           -0.896057
                   1                 213                2.13             9.06449           -0.895968
                   1                 214                2.14             9.05553           -0.895868
                   1                 215                2.15             9.04657           -0.895758
srun: Job step aborted: Waiting up to 32 seconds for job step to finish.
slurmstepd: error: *** JOB 42764715 ON node001 CANCELLED AT 2021-02-01T15:32:23 DUE TO TIME LIMIT ***
slurmstepd: error: *** STEP 42764715.0 ON node001 CANCELLED AT 2021-02-01T15:32:23 DUE TO TIME LIMIT ***
